<?xml version="1.0" encoding="UTF-8"?>
<!-- Generated by org.testng.reporters.JUnitReportReporter -->
<testsuite hostname="LAPTOP-I9VA5NP4" failures="0" tests="1" name="com.angola.testscripts.TC008" time="19.598" errors="0" timestamp="2022-11-28T20:30:45 IST" skipped="0">
  <testcase classname="com.angola.testscripts.TC008" name="AddCategories" time="19.598"/>
  <system-out/>
</testsuite> <!-- com.angola.testscripts.TC008 -->
