<?xml version="1.0" encoding="UTF-8"?>
<!-- Generated by org.testng.reporters.JUnitReportReporter -->
<testsuite hostname="LAPTOP-I9VA5NP4" failures="0" tests="1" name="com.angola.testscripts.TC009" time="41.062" errors="0" timestamp="2022-11-28T20:30:44 IST" skipped="0">
  <testcase classname="com.angola.testscripts.TC009" name="AddCategoryChecked" time="41.062"/>
  <system-out/>
</testsuite> <!-- com.angola.testscripts.TC009 -->
